app/build/intermediates/manifest_merge_blame_file/debug/manifest-merger-blame-debug-report.txt
1<?xml version="1.0" encoding="utf-8"?>
2<manifest xmlns:android="http://schemas.android.com/apk/res/android"
3    package="com.app.cbfc"
4    android:versionCode="1"
5    android:versionName="1.0" >
6
7    <uses-sdk
8        android:minSdkVersion="17"
8-->src\main\AndroidManifest.xml
9        android:targetSdkVersion="29" />
9-->src\main\AndroidManifest.xml
10
11    <uses-permission android:name="android.permission.INTERNET" />
11-->src\main\AndroidManifest.xml:6:5-67
11-->src\main\AndroidManifest.xml:6:22-64
12    <uses-permission android:name="android.permission.ACCESS_NETWORK_STATE" />
12-->src\main\AndroidManifest.xml:7:5-79
12-->src\main\AndroidManifest.xml:7:22-76
13    <uses-permission android:name="android.permission.CAMERA" />
13-->src\main\AndroidManifest.xml:8:5-65
13-->src\main\AndroidManifest.xml:8:22-62
14    <uses-permission android:name="android.permission.ACCESS_FINE_LOCATION" />
14-->src\main\AndroidManifest.xml:9:5-79
14-->src\main\AndroidManifest.xml:9:22-76
15
16    <application
16-->src\main\AndroidManifest.xml:11:5-39:19
17        android:allowBackup="true"
17-->src\main\AndroidManifest.xml:12:9-35
18        android:appComponentFactory="androidx.core.app.CoreComponentFactory"
18-->[androidx.core:core:1.1.0] AndroidManifest.xml:24:18-86
19        android:debuggable="true"
20        android:icon="@mipmap/ic_launcher"
20-->src\main\AndroidManifest.xml:13:9-43
21        android:label="@string/app_name"
21-->src\main\AndroidManifest.xml:14:9-41
22        android:roundIcon="@mipmap/ic_launcher_round"
22-->src\main\AndroidManifest.xml:15:9-54
23        android:supportsRtl="true"
23-->src\main\AndroidManifest.xml:16:9-35
24        android:testOnly="true"
25        android:theme="@style/AppTheme"
25-->src\main\AndroidManifest.xml:17:9-40
26        android:usesCleartextTraffic="true" >
26-->src\main\AndroidManifest.xml:18:9-44
27        <activity android:name="com.app.cbfc.ui.activity.CustomerListActivity" >
27-->src\main\AndroidManifest.xml:20:9-22:20
27-->src\main\AndroidManifest.xml:20:19-67
28        </activity>
29        <activity
29-->src\main\AndroidManifest.xml:23:9-26:20
30            android:name="com.app.cbfc.ui.activity.AdminDashboard"
30-->src\main\AndroidManifest.xml:23:19-61
31            android:windowSoftInputMode="adjustResize|stateAlwaysHidden" >
31-->src\main\AndroidManifest.xml:24:13-73
32        </activity>
33        <activity
33-->src\main\AndroidManifest.xml:27:9-28:75
34            android:name="com.app.cbfc.ui.activity.LoginActivity"
34-->src\main\AndroidManifest.xml:27:19-60
35            android:windowSoftInputMode="adjustResize|stateAlwaysHidden" />
35-->src\main\AndroidManifest.xml:28:13-73
36        <activity android:name="com.app.cbfc.ui.activity.SplashActivity" >
36-->src\main\AndroidManifest.xml:29:9-35:20
36-->src\main\AndroidManifest.xml:29:19-61
37            <intent-filter>
37-->src\main\AndroidManifest.xml:30:13-34:29
38                <action android:name="android.intent.action.MAIN" />
38-->src\main\AndroidManifest.xml:31:17-69
38-->src\main\AndroidManifest.xml:31:25-66
39
40                <category android:name="android.intent.category.LAUNCHER" />
40-->src\main\AndroidManifest.xml:33:17-77
40-->src\main\AndroidManifest.xml:33:27-74
41            </intent-filter>
42        </activity>
43        <activity android:name="com.app.cbfc.ui.activity.EmployeeDashboard" >
43-->src\main\AndroidManifest.xml:36:9-38:20
43-->src\main\AndroidManifest.xml:36:19-64
44        </activity>
45
46        <provider
46-->[androidx.lifecycle:lifecycle-process:2.0.0] AndroidManifest.xml:23:9-27:43
47            android:name="androidx.lifecycle.ProcessLifecycleOwnerInitializer"
47-->[androidx.lifecycle:lifecycle-process:2.0.0] AndroidManifest.xml:24:13-79
48            android:authorities="com.app.cbfc.lifecycle-process"
48-->[androidx.lifecycle:lifecycle-process:2.0.0] AndroidManifest.xml:25:13-69
49            android:exported="false"
49-->[androidx.lifecycle:lifecycle-process:2.0.0] AndroidManifest.xml:26:13-37
50            android:multiprocess="true" />
50-->[androidx.lifecycle:lifecycle-process:2.0.0] AndroidManifest.xml:27:13-40
51    </application>
52
53</manifest>